0 info it worked if it ends with ok
1 verbose cli [ '/usr/local/bin/node', '/usr/local/bin/npm', 'run', 'build' ]
2 info using npm@3.10.9
3 info using node@v6.6.0
4 verbose run-script [ 'prebuild', 'build', 'postbuild' ]
5 info lifecycle eunice-portfolio@2.0.0~prebuild: eunice-portfolio@2.0.0
6 verbose lifecycle eunice-portfolio@2.0.0~prebuild: unsafe-perm in lifecycle true
7 verbose lifecycle eunice-portfolio@2.0.0~prebuild: PATH: /usr/local/lib/node_modules/npm/bin/node-gyp-bin:/Users/Eunice/Workspace/Portfolio-2016/node_modules/.bin:/Users/Eunice/.rbenv/shims:/Users/Eunice/.rbenv/shims:/usr/local/bin:/usr/bin:/bin:/usr/sbin:/sbin:/usr/local/git/bin
8 verbose lifecycle eunice-portfolio@2.0.0~prebuild: CWD: /Users/Eunice/Workspace/Portfolio-2016
9 silly lifecycle eunice-portfolio@2.0.0~prebuild: Args: [ '-c', 'npm-run-all clean-dist test lint build:html' ]
10 silly lifecycle eunice-portfolio@2.0.0~prebuild: Returned: code: 1  signal: null
11 info lifecycle eunice-portfolio@2.0.0~prebuild: Failed to exec prebuild script
12 verbose stack Error: eunice-portfolio@2.0.0 prebuild: `npm-run-all clean-dist test lint build:html`
12 verbose stack Exit status 1
12 verbose stack     at EventEmitter.<anonymous> (/usr/local/lib/node_modules/npm/lib/utils/lifecycle.js:255:16)
12 verbose stack     at emitTwo (events.js:106:13)
12 verbose stack     at EventEmitter.emit (events.js:191:7)
12 verbose stack     at ChildProcess.<anonymous> (/usr/local/lib/node_modules/npm/lib/utils/spawn.js:40:14)
12 verbose stack     at emitTwo (events.js:106:13)
12 verbose stack     at ChildProcess.emit (events.js:191:7)
12 verbose stack     at maybeClose (internal/child_process.js:877:16)
12 verbose stack     at Process.ChildProcess._handle.onexit (internal/child_process.js:226:5)
13 verbose pkgid eunice-portfolio@2.0.0
14 verbose cwd /Users/Eunice/Workspace/Portfolio-2016
15 error Darwin 16.0.0
16 error argv "/usr/local/bin/node" "/usr/local/bin/npm" "run" "build"
17 error node v6.6.0
18 error npm  v3.10.9
19 error code ELIFECYCLE
20 error eunice-portfolio@2.0.0 prebuild: `npm-run-all clean-dist test lint build:html`
20 error Exit status 1
21 error Failed at the eunice-portfolio@2.0.0 prebuild script 'npm-run-all clean-dist test lint build:html'.
21 error Make sure you have the latest version of node.js and npm installed.
21 error If you do, this is most likely a problem with the eunice-portfolio package,
21 error not with npm itself.
21 error Tell the author that this fails on your system:
21 error     npm-run-all clean-dist test lint build:html
21 error You can get information on how to open an issue for this project with:
21 error     npm bugs eunice-portfolio
21 error Or if that isn't available, you can get their info via:
21 error     npm owner ls eunice-portfolio
21 error There is likely additional logging output above.
22 verbose exit [ 1, true ]
